INFO:root:Profiling on device=cuda for epochs=1, batches=2
INFO:train.train_gan:Using fixed Δt=0.010000 for warm-start and training
INFO:train.train_gan:Step 0 | d_loss=0.7399 g_loss=23.4424 feature_l1=0.9992 cov_diff=0.6601 diversity=1.2517
INFO:train.train_gan:Epoch 1 diagnostics | real_dx_mean=-0.0295, real_dy_mean=-0.1353, real_theta_mean=0.2884, real_theta_std=1.7063, gen_dx_mean=0.2750, gen_dy_mean=-0.0144, gen_theta_mean=0.2644, gen_theta_std=1.1978
INFO:root:Top CPU operators:
-------------------------------------------------------  ------------  ------------  ------------  ------------  ------------  ------------  ------------  ------------  ------------  ------------  
                                                   Name    Self CPU %      Self CPU   CPU total %     CPU total  CPU time avg     Self CUDA   Self CUDA %    CUDA total  CUDA time avg    # of Calls  
-------------------------------------------------------  ------------  ------------  ------------  ------------  ------------  ------------  ------------  ------------  ------------  ------------  
                       Runtime Triggered Module Loading        32.66%      30.514ms        32.84%      30.684ms      15.342ms       3.520us         0.02%       5.280us       2.640us             2  
                                          ProfilerStep*        21.42%      20.012ms        92.11%      86.059ms      43.030ms       0.000us         0.00%       7.318ms       3.659ms             2  
                                  cudaStreamSynchronize        13.63%      12.740ms        13.63%      12.740ms      77.211us       0.000us         0.00%       0.000us       0.000us           165  
                                        cudaMemcpyAsync         6.57%       6.139ms         6.57%       6.139ms      23.886us       0.000us         0.00%       0.000us       0.000us           257  
                                       cudaLaunchKernel         4.41%       4.121ms        37.28%      34.832ms      25.443us       0.000us         0.00%       7.040us       0.005us          1369  
                                            aten::empty         0.97%     908.686us         0.97%     908.686us       2.002us       0.000us         0.00%       0.000us       0.000us           454  
                                           aten::addmv_         0.92%     858.852us         1.31%       1.222ms      12.346us     225.862us         1.36%     225.862us       2.281us            99  
                                            aten::copy_         0.82%     767.018us        20.90%      19.531ms      62.799us     516.582us         3.12%     518.150us       1.666us           311  
                                              aten::div         0.81%     760.346us         1.31%       1.223ms       6.613us     343.266us         2.07%     343.266us       1.855us           185  
                             aten::convolution_backward         0.74%     688.587us         1.95%       1.819ms      79.090us       6.801ms        41.09%       7.031ms     305.682us            23  
                                aten::cudnn_convolution         0.73%     685.394us         1.02%     951.357us      33.977us       3.623ms        21.89%       3.623ms     129.405us            28  
                               Optimizer.step#Adam.step         0.67%     628.769us         1.28%       1.197ms     598.270us       0.000us         0.00%     370.569us     185.284us             2  
                                              aten::mul         0.64%     599.337us         1.05%     978.160us       8.220us     184.739us         1.12%     184.739us       1.552us           119  
                                       aten::as_strided         0.52%     485.119us         0.52%     485.119us       0.462us       0.000us         0.00%       0.000us       0.000us          1050  
                                    aten::empty_strided         0.51%     480.079us         0.51%     480.079us       1.679us       0.000us         0.00%       0.000us       0.000us           286  
                               aten::linalg_vector_norm         0.49%     457.455us         0.73%     681.842us       9.741us     169.061us         1.02%     172.677us       2.467us            70  
                                             aten::add_         0.45%     422.377us         0.76%     711.795us       4.909us     500.521us         3.02%     500.521us       3.452us           145  
                                           aten::select         0.43%     405.730us         0.62%     576.274us       1.331us       0.000us         0.00%       0.000us       0.000us           433  
                                              aten::sum         0.42%     394.550us         0.61%     571.125us       9.212us     400.713us         2.42%     400.713us       6.463us            62  
                                             cudaMalloc         0.38%     357.314us         0.38%     357.314us     178.657us       0.000us         0.00%       0.000us       0.000us             2  
-------------------------------------------------------  ------------  ------------  ------------  ------------  ------------  ------------  ------------  ------------  ------------  ------------  
Self CPU time total: 93.435ms
Self CUDA time total: 16.551ms

INFO:root:Top CUDA operators:
-------------------------------------------------------  ------------  ------------  ------------  ------------  ------------  ------------  ------------  ------------  ------------  ------------  
                                                   Name    Self CPU %      Self CPU   CPU total %     CPU total  CPU time avg     Self CUDA   Self CUDA %    CUDA total  CUDA time avg    # of Calls  
-------------------------------------------------------  ------------  ------------  ------------  ------------  ------------  ------------  ------------  ------------  ------------  ------------  
                                          ProfilerStep*         0.00%       0.000us         0.00%       0.000us       0.000us      84.941ms       513.22%      84.941ms      84.941ms             1  
                             aten::convolution_backward         0.74%     688.587us         1.95%       1.819ms      79.090us       6.801ms        41.09%       7.031ms     305.682us            23  
                                aten::cudnn_convolution         0.73%     685.394us         1.02%     951.357us      33.977us       3.623ms        21.89%       3.623ms     129.405us            28  
sm86_xmma_fprop_implicit_gemm_tf32f32_tf32f32_f32_nh...         0.00%       0.000us         0.00%       0.000us       0.000us       3.130ms        18.91%       3.130ms     156.483us            20  
sm80_xmma_dgrad_implicit_gemm_tf32f32_tf32f32_f32_nh...         0.00%       0.000us         0.00%       0.000us       0.000us       2.891ms        17.47%       2.891ms     180.692us            16  
sm86_xmma_wgrad_implicit_gemm_indexed_tf32f32_tf32f3...         0.00%       0.000us         0.00%       0.000us       0.000us       2.652ms        16.02%       2.652ms     220.994us            12  
void cudnn::engines_precompiled::nchwToNhwcKernel<fl...         0.00%       0.000us         0.00%       0.000us       0.000us       1.137ms         6.87%       1.137ms      11.847us            96  
                        aten::cudnn_batch_norm_backward         0.17%     156.812us         0.31%     294.248us      19.617us     589.577us         3.56%     589.577us      39.305us            15  
void cudnn::bn_bw_1C11_kernel_new<float, float, floa...         0.00%       0.000us         0.00%       0.000us       0.000us     589.577us         3.56%     589.577us      39.305us            15  
                                            aten::copy_         0.82%     767.018us        20.90%      19.531ms      62.799us     516.582us         3.12%     518.150us       1.666us           311  
                                             aten::add_         0.45%     422.377us         0.76%     711.795us       4.909us     500.521us         3.02%     500.521us       3.452us           145  
void at::native::vectorized_elementwise_kernel<4, at...         0.00%       0.000us         0.00%       0.000us       0.000us     464.848us         2.81%     464.848us       4.344us           107  
                               aten::threshold_backward         0.11%     103.343us         0.17%     162.670us       7.394us     463.307us         2.80%     463.307us      21.059us            22  
void at::native::vectorized_elementwise_kernel<4, at...         0.00%       0.000us         0.00%       0.000us       0.000us     463.307us         2.80%     463.307us      21.059us            22  
void at::native::elementwise_kernel<128, 2, at::nati...         0.00%       0.000us         0.00%       0.000us       0.000us     456.649us         2.76%     456.649us       9.133us            50  
                                              aten::sum         0.42%     394.550us         0.61%     571.125us       9.212us     400.713us         2.42%     400.713us       6.463us            62  
                               Optimizer.step#Adam.step         0.00%       0.000us         0.00%       0.000us       0.000us     378.569us         2.29%     378.569us     189.284us             2  
void at::native::reduce_kernel<512, 1, at::native::R...         0.00%       0.000us         0.00%       0.000us       0.000us     369.352us         2.23%     369.352us       7.538us            49  
                                        aten::clamp_min         0.20%     187.493us         0.33%     310.695us       8.397us     368.971us         2.23%     368.971us       9.972us            37  
                                 aten::cudnn_batch_norm         0.36%     332.334us         0.72%     671.906us      37.328us     346.885us         2.10%     346.885us      19.271us            18  
-------------------------------------------------------  ------------  ------------  ------------  ------------  ------------  ------------  ------------  ------------  ------------  ------------  
Self CPU time total: 93.435ms
Self CUDA time total: 16.551ms

INFO:root:Training summary: g_loss=22.0731 | d_loss=0.7198
INFO:root:Profiler run complete. Re-launch with --trace to capture a Chrome trace if needed.
