INFO:root:Profiling on device=cuda for epochs=1, batches=2
INFO:train.train_gan:Using fixed Δt=0.010000 for warm-start and training
INFO:train.train_gan:Step 0 | d_loss=0.7767 g_loss=23.3200 feature_l1=0.9895 cov_diff=0.6319 diversity=1.1969
INFO:train.train_gan:Epoch 1 diagnostics | real_dx_mean=-0.0356, real_dy_mean=0.0931, real_theta_mean=0.3459, real_theta_std=1.7230, gen_dx_mean=-0.2795, gen_dy_mean=1.1696, gen_theta_mean=1.3992, gen_theta_std=1.3629
INFO:root:Top CPU operators:
-------------------------------------------------------  ------------  ------------  ------------  ------------  ------------  ------------  ------------  ------------  ------------  ------------  
                                                   Name    Self CPU %      Self CPU   CPU total %     CPU total  CPU time avg     Self CUDA   Self CUDA %    CUDA total  CUDA time avg    # of Calls  
-------------------------------------------------------  ------------  ------------  ------------  ------------  ------------  ------------  ------------  ------------  ------------  ------------  
                                          ProfilerStep*        31.38%      19.689ms        87.65%      55.001ms      27.501ms       0.000us         0.00%       7.447ms       3.724ms             2  
                                  cudaStreamSynchronize        23.17%      14.537ms        23.17%      14.537ms      87.573us       0.000us         0.00%       0.000us       0.000us           166  
                                        cudaMemcpyAsync         8.60%       5.396ms         8.60%       5.396ms      21.077us       0.000us         0.00%       0.000us       0.000us           256  
                                       cudaLaunchKernel         6.62%       4.157ms         6.62%       4.157ms       3.041us       0.000us         0.00%       0.000us       0.000us          1367  
                                           aten::addmv_         1.51%     944.959us         2.17%       1.360ms      13.742us     228.838us         1.51%     228.838us       2.311us            99  
                                            aten::empty         1.30%     817.996us         1.30%     817.996us       1.810us       0.000us         0.00%       0.000us       0.000us           452  
                                              aten::div         1.26%     790.752us         2.03%       1.276ms       6.898us     349.576us         2.31%     349.576us       1.890us           185  
                                            aten::copy_         1.19%     748.893us        28.65%      17.980ms      57.629us     517.962us         3.43%     519.306us       1.664us           312  
                                aten::cudnn_convolution         1.11%     693.415us         1.55%     972.645us      34.737us       2.388ms        15.80%       2.388ms      85.281us            28  
                                              aten::mul         1.10%     692.760us         1.75%       1.095ms       9.126us     185.284us         1.23%     185.284us       1.544us           120  
                             aten::convolution_backward         1.08%     678.485us         2.82%       1.768ms      76.862us       5.202ms        34.43%       5.434ms     236.254us            23  
                               Optimizer.step#Adam.step         1.07%     673.092us         1.90%       1.192ms     596.101us       0.000us         0.00%     378.249us     189.124us             2  
                               aten::linalg_vector_norm         0.75%     467.961us         1.13%     707.525us      10.107us     174.118us         1.15%     177.767us       2.540us            70  
                                    aten::empty_strided         0.69%     435.338us         0.69%     435.338us       1.506us       0.000us         0.00%       0.000us       0.000us           289  
                                              aten::sum         0.65%     406.230us         0.96%     600.332us       9.683us     410.887us         2.72%     410.887us       6.627us            62  
                                       aten::as_strided         0.65%     405.381us         0.65%     405.381us       0.438us       0.000us         0.00%       0.000us       0.000us           926  
                                             aten::add_         0.64%     401.831us         1.07%     669.733us       4.619us     503.472us         3.33%     503.472us       3.472us           145  
                                            aten::addmm         0.54%     338.962us         0.77%     480.624us      28.272us     166.050us         1.10%     166.050us       9.768us            17  
                                              aten::add         0.48%     299.557us         0.61%     382.213us      10.920us     164.261us         1.09%     164.261us       4.693us            35  
                                             cudaMalloc         0.44%     276.692us         0.44%     276.692us     138.346us       0.000us         0.00%       0.000us       0.000us             2  
-------------------------------------------------------  ------------  ------------  ------------  ------------  ------------  ------------  ------------  ------------  ------------  ------------  
Self CPU time total: 62.750ms
Self CUDA time total: 15.111ms

INFO:root:Top CUDA operators:
-------------------------------------------------------  ------------  ------------  ------------  ------------  ------------  ------------  ------------  ------------  ------------  ------------  
                                                   Name    Self CPU %      Self CPU   CPU total %     CPU total  CPU time avg     Self CUDA   Self CUDA %    CUDA total  CUDA time avg    # of Calls  
-------------------------------------------------------  ------------  ------------  ------------  ------------  ------------  ------------  ------------  ------------  ------------  ------------  
                                          ProfilerStep*         0.00%       0.000us         0.00%       0.000us       0.000us      53.806ms       356.08%      53.806ms      53.806ms             1  
                             aten::convolution_backward         1.08%     678.485us         2.82%       1.768ms      76.862us       5.202ms        34.43%       5.434ms     236.254us            23  
sm80_xmma_dgrad_implicit_gemm_tf32f32_tf32f32_f32_nh...         0.00%       0.000us         0.00%       0.000us       0.000us       2.593ms        17.16%       2.593ms     162.052us            16  
                                aten::cudnn_convolution         1.11%     693.415us         1.55%     972.645us      34.737us       2.388ms        15.80%       2.388ms      85.281us            28  
sm86_xmma_fprop_implicit_gemm_tf32f32_tf32f32_f32_nh...         0.00%       0.000us         0.00%       0.000us       0.000us       1.894ms        12.54%       1.894ms      94.714us            20  
                                 aten::cudnn_batch_norm         0.44%     273.040us         0.83%     522.898us      29.050us       1.685ms        11.15%       1.685ms      93.627us            18  
void cudnn::bn_fw_tr_1C11_kernel_NCHW<float, float, ...         0.00%       0.000us         0.00%       0.000us       0.000us       1.629ms        10.78%       1.629ms     108.606us            15  
sm86_xmma_wgrad_implicit_gemm_indexed_tf32f32_tf32f3...         0.00%       0.000us         0.00%       0.000us       0.000us       1.352ms         8.95%       1.352ms     112.650us            12  
void cudnn::engines_precompiled::nchwToNhwcKernel<fl...         0.00%       0.000us         0.00%       0.000us       0.000us       1.135ms         7.51%       1.135ms      11.827us            96  
                        aten::cudnn_batch_norm_backward         0.25%     157.097us         0.47%     298.061us      19.871us     595.055us         3.94%     595.055us      39.670us            15  
void cudnn::bn_bw_1C11_kernel_new<float, float, floa...         0.00%       0.000us         0.00%       0.000us       0.000us     595.055us         3.94%     595.055us      39.670us            15  
                                            aten::copy_         1.19%     748.893us        28.65%      17.980ms      57.629us     517.962us         3.43%     519.306us       1.664us           312  
                                             aten::add_         0.64%     401.831us         1.07%     669.733us       4.619us     503.472us         3.33%     503.472us       3.472us           145  
void at::native::vectorized_elementwise_kernel<4, at...         0.00%       0.000us         0.00%       0.000us       0.000us     466.605us         3.09%     466.605us       4.361us           107  
                               aten::threshold_backward         0.22%     139.355us         0.32%     198.856us       9.039us     461.996us         3.06%     461.996us      21.000us            22  
void at::native::vectorized_elementwise_kernel<4, at...         0.00%       0.000us         0.00%       0.000us       0.000us     461.996us         3.06%     461.996us      21.000us            22  
void at::native::elementwise_kernel<128, 2, at::nati...         0.00%       0.000us         0.00%       0.000us       0.000us     458.027us         3.03%     458.027us       9.161us            50  
                                              aten::sum         0.65%     406.230us         0.96%     600.332us       9.683us     410.887us         2.72%     410.887us       6.627us            62  
                               Optimizer.step#Adam.step         0.00%       0.000us         0.00%       0.000us       0.000us     385.993us         2.55%     385.993us     192.996us             2  
void at::native::reduce_kernel<512, 1, at::native::R...         0.00%       0.000us         0.00%       0.000us       0.000us     379.623us         2.51%     379.623us       7.747us            49  
-------------------------------------------------------  ------------  ------------  ------------  ------------  ------------  ------------  ------------  ------------  ------------  ------------  
Self CPU time total: 62.750ms
Self CUDA time total: 15.111ms

INFO:root:Training summary: g_loss=22.4247 | d_loss=0.7129
INFO:root:Profiler run complete. Re-launch with --trace to capture a Chrome trace if needed.
