INFO:root:Profiling on device=cuda for epochs=1, batches=2
INFO:train.train_gan:Using fixed Δt=0.010000 for warm-start and training
INFO:train.train_gan:Step 0 | d_loss=0.8751 g_loss=19.1213 feature_l1=0.8575 cov_diff=0.7164 diversity=1.2363
INFO:train.train_gan:Epoch 1 diagnostics | real_dx_mean=-0.0743, real_dy_mean=0.0662, real_theta_mean=0.1777, real_theta_std=1.5345, gen_dx_mean=0.7915, gen_dy_mean=0.4739, gen_theta_mean=0.5611, gen_theta_std=1.6967
INFO:root:Top CPU operators:
-------------------------------------------------------  ------------  ------------  ------------  ------------  ------------  ------------  ------------  ------------  ------------  ------------  
                                                   Name    Self CPU %      Self CPU   CPU total %     CPU total  CPU time avg     Self CUDA   Self CUDA %    CUDA total  CUDA time avg    # of Calls  
-------------------------------------------------------  ------------  ------------  ------------  ------------  ------------  ------------  ------------  ------------  ------------  ------------  
                                          ProfilerStep*        37.36%      15.732ms        84.74%      35.679ms      17.839ms       0.000us         0.00%       6.131ms       3.066ms             2  
                                  cudaStreamSynchronize        11.24%       4.732ms        11.24%       4.732ms     118.288us       0.000us         0.00%       0.000us       0.000us            40  
                                       cudaLaunchKernel         8.70%       3.664ms         8.70%       3.664ms       2.672us       0.000us         0.00%       0.000us       0.000us          1371  
                                        cudaMemcpyAsync         7.34%       3.092ms         7.34%       3.092ms      24.543us       0.000us         0.00%       0.000us       0.000us           126  
                                            aten::empty         1.83%     771.678us         1.83%     771.678us       1.707us       0.000us         0.00%       0.000us       0.000us           452  
                                           aten::addmv_         1.80%     756.168us         2.58%       1.087ms      10.980us     241.127us         1.72%     241.127us       2.436us            99  
                                              aten::div         1.66%     700.812us         3.01%       1.265ms       6.840us     363.977us         2.59%     363.977us       1.967us           185  
                                              aten::mul         1.48%     623.828us         2.15%     904.066us       7.534us     195.748us         1.39%     195.748us       1.631us           120  
                             aten::convolution_backward         1.33%     561.536us         3.51%       1.479ms      64.310us       5.395ms        38.43%       5.635ms     244.998us            23  
                                aten::cudnn_convolution         1.15%     486.306us         1.65%     695.175us      24.828us       2.514ms        17.91%       2.514ms      89.796us            28  
                               aten::linalg_vector_norm         1.01%     426.073us         1.53%     643.030us       9.186us     181.316us         1.29%     185.252us       2.646us            70  
                               Optimizer.step#Adam.step         0.98%     414.287us         1.96%     825.518us     412.759us       0.000us         0.00%     377.128us     188.564us             2  
                                            aten::copy_         0.92%     387.247us        13.28%       5.593ms      31.420us     347.880us         2.48%     348.872us       1.960us           178  
                                       aten::as_strided         0.84%     353.408us         0.84%     353.408us       0.382us       0.000us         0.00%       0.000us       0.000us           926  
                                             aten::add_         0.83%     349.113us         1.39%     586.873us       4.047us     512.873us         3.65%     512.873us       3.537us           145  
                                              aten::sum         0.83%     347.379us         1.19%     503.030us       8.113us     413.704us         2.95%     413.704us       6.673us            62  
                                    aten::empty_strided         0.71%     300.378us         0.71%     300.378us       1.889us       0.000us         0.00%       0.000us       0.000us           159  
                                              aten::add         0.66%     279.332us         0.83%     351.516us      10.043us     166.785us         1.19%     166.785us       4.765us            35  
                                            aten::addmm         0.65%     274.647us         0.92%     385.918us      22.701us     173.319us         1.23%     173.319us      10.195us            17  
                                             cudaMalloc         0.60%     253.518us         0.60%     253.518us     126.759us       0.000us         0.00%       0.000us       0.000us             2  
-------------------------------------------------------  ------------  ------------  ------------  ------------  ------------  ------------  ------------  ------------  ------------  ------------  
Self CPU time total: 42.106ms
Self CUDA time total: 14.037ms

INFO:root:Top CUDA operators:
-------------------------------------------------------  ------------  ------------  ------------  ------------  ------------  ------------  ------------  ------------  ------------  ------------  
                                                   Name    Self CPU %      Self CPU   CPU total %     CPU total  CPU time avg     Self CUDA   Self CUDA %    CUDA total  CUDA time avg    # of Calls  
-------------------------------------------------------  ------------  ------------  ------------  ------------  ------------  ------------  ------------  ------------  ------------  ------------  
                                          ProfilerStep*         0.00%       0.000us         0.00%       0.000us       0.000us      34.612ms       246.58%      34.612ms      34.612ms             1  
                             aten::convolution_backward         1.33%     561.536us         3.51%       1.479ms      64.310us       5.395ms        38.43%       5.635ms     244.998us            23  
                                aten::cudnn_convolution         1.15%     486.306us         1.65%     695.175us      24.828us       2.514ms        17.91%       2.514ms      89.796us            28  
sm80_xmma_dgrad_implicit_gemm_tf32f32_tf32f32_f32_nh...         0.00%       0.000us         0.00%       0.000us       0.000us       2.167ms        15.44%       2.167ms     135.427us            16  
sm86_xmma_fprop_implicit_gemm_tf32f32_tf32f32_f32_nh...         0.00%       0.000us         0.00%       0.000us       0.000us       2.014ms        14.35%       2.014ms     100.703us            20  
sm86_xmma_wgrad_implicit_gemm_indexed_tf32f32_tf32f3...         0.00%       0.000us         0.00%       0.000us       0.000us       1.431ms        10.20%       1.431ms     119.288us            12  
void cudnn::engines_precompiled::nchwToNhwcKernel<fl...         0.00%       0.000us         0.00%       0.000us       0.000us       1.145ms         8.15%       1.145ms      11.923us            96  
                        aten::cudnn_batch_norm_backward         0.32%     135.983us         0.63%     265.522us      17.701us     597.164us         4.25%     597.164us      39.811us            15  
void cudnn::bn_bw_1C11_kernel_new<float, float, floa...         0.00%       0.000us         0.00%       0.000us       0.000us     597.164us         4.25%     597.164us      39.811us            15  
void cutlass::Kernel2<cutlass_80_tensorop_s1688gemm_...         0.00%       0.000us         0.00%       0.000us       0.000us     552.267us         3.93%     552.267us     276.133us             2  
                                             aten::add_         0.83%     349.113us         1.39%     586.873us       4.047us     512.873us         3.65%     512.873us       3.537us           145  
void at::native::vectorized_elementwise_kernel<4, at...         0.00%       0.000us         0.00%       0.000us       0.000us     473.000us         3.37%     473.000us       4.421us           107  
void at::native::elementwise_kernel<128, 2, at::nati...         0.00%       0.000us         0.00%       0.000us       0.000us     462.952us         3.30%     462.952us       9.259us            50  
                               aten::threshold_backward         0.22%      91.333us         0.35%     147.308us       6.696us     461.292us         3.29%     461.292us      20.968us            22  
void at::native::vectorized_elementwise_kernel<4, at...         0.00%       0.000us         0.00%       0.000us       0.000us     461.292us         3.29%     461.292us      20.968us            22  
                                              aten::sum         0.83%     347.379us         1.19%     503.030us       8.113us     413.704us         2.95%     413.704us       6.673us            62  
                               Optimizer.step#Adam.step         0.00%       0.000us         0.00%       0.000us       0.000us     385.928us         2.75%     385.928us     192.964us             2  
void at::native::reduce_kernel<512, 1, at::native::R...         0.00%       0.000us         0.00%       0.000us       0.000us     381.224us         2.72%     381.224us       7.780us            49  
                                        aten::clamp_min         0.39%     162.336us         0.62%     261.975us       7.080us     368.872us         2.63%     368.872us       9.970us            37  
                                              aten::div         1.66%     700.812us         3.01%       1.265ms       6.840us     363.977us         2.59%     363.977us       1.967us           185  
-------------------------------------------------------  ------------  ------------  ------------  ------------  ------------  ------------  ------------  ------------  ------------  ------------  
Self CPU time total: 42.106ms
Self CUDA time total: 14.037ms

INFO:root:Training summary: g_loss=13.8958 | d_loss=0.8319
INFO:root:Profiler run complete. Re-launch with --trace to capture a Chrome trace if needed.
